# JRE version: Java(TM) SE Runtime Environment (8.0_151-b12) (build 1.8.0_151-b12)
# Java VM: Java HotSpot(TM) 64-Bit Server VM (25.151-b12 mixed mode windows-amd64 compressed oops)
Heap:
 PSYoungGen      total 96256K, used 43148K [0x00000000d5c00000, 0x00000000dd400000, 0x0000000100000000)
  eden space 91136K, 47% used [0x00000000d5c00000,0x00000000d8623228,0x00000000db500000)
  from space 5120K, 0% used [0x00000000db500000,0x00000000db500000,0x00000000dba00000)
  to   space 5120K, 0% used [0x00000000dba00000,0x00000000dba00000,0x00000000dbf00000)
 ParOldGen       total 187904K, used 173134K [0x0000000081400000, 0x000000008cb80000, 0x00000000d5c00000)
  object space 187904K, 92% used [0x0000000081400000,0x000000008bd13ab8,0x000000008cb80000)
 Metaspace       used 10085K, capacity 10214K, committed 10240K, reserved 1058816K
  class space    used 1189K, capacity 1254K, committed 1280K, reserved 1048576K
GC Heap History (10 events):
Event: 5.114 GC heap before
{Heap before GC invocations=50 (full 45):
 PSYoungGen      total 96256K, used 91131K [0x00000000d5c00000, 0x00000000dd400000, 0x0000000100000000)
  eden space 91136K, 99% used [0x00000000d5c00000,0x00000000db4fefb8,0x00000000db500000)
  from space 5120K, 0% used [0x00000000db500000,0x00000000db500000,0x00000000dba00000)
  to   space 5120K, 0% used [0x00000000dba00000,0x00000000dba00000,0x00000000dbf00000)
 ParOldGen       total 185856K, used 185429K [0x0000000081400000, 0x000000008c980000, 0x00000000d5c00000)
  object space 185856K, 99% used [0x0000000081400000,0x000000008c915490,0x000000008c980000)
 Metaspace       used 10085K, capacity 10214K, committed 10240K, reserved 1058816K
  class space    used 1189K, capacity 1254K, committed 1280K, reserved 1048576K
Event: 5.121 GC heap after
Heap after GC invocations=50 (full 45):
 PSYoungGen      total 96256K, used 91131K [0x00000000d5c00000, 0x00000000dd400000, 0x0000000100000000)
  eden space 91136K, 99% used [0x00000000d5c00000,0x00000000db4fefb8,0x00000000db500000)
  from space 5120K, 0% used [0x00000000db500000,0x00000000db500000,0x00000000dba00000)
  to   space 5120K, 0% used [0x00000000dba00000,0x00000000dba00000,0x00000000dbf00000)
 ParOldGen       total 185856K, used 185429K [0x0000000081400000, 0x000000008c980000, 0x00000000d5c00000)
  object space 185856K, 99% used [0x0000000081400000,0x000000008c915490,0x000000008c980000)
 Metaspace       used 10085K, capacity 10214K, committed 10240K, reserved 1058816K
  class space    used 1189K, capacity 1254K, committed 1280K, reserved 1048576K
}
Event: 5.121 GC heap before
{Heap before GC invocations=51 (full 46):
 PSYoungGen      total 96256K, used 91131K [0x00000000d5c00000, 0x00000000dd400000, 0x0000000100000000)
  eden space 91136K, 99% used [0x00000000d5c00000,0x00000000db4fefb8,0x00000000db500000)
  from space 5120K, 0% used [0x00000000db500000,0x00000000db500000,0x00000000dba00000)
  to   space 5120K, 0% used [0x00000000dba00000,0x00000000dba00000,0x00000000dbf00000)
 ParOldGen       total 185856K, used 185854K [0x0000000081400000, 0x000000008c980000, 0x00000000d5c00000)
  object space 185856K, 99% used [0x0000000081400000,0x000000008c97fba0,0x000000008c980000)
 Metaspace       used 10085K, capacity 10214K, committed 10240K, reserved 1058816K
  class space    used 1189K, capacity 1254K, committed 1280K, reserved 1048576K
Event: 5.128 GC heap after
Heap after GC invocations=51 (full 46):
 PSYoungGen      total 96256K, used 91131K [0x00000000d5c00000, 0x00000000dd400000, 0x0000000100000000)
  eden space 91136K, 99% used [0x00000000d5c00000,0x00000000db4fefb8,0x00000000db500000)
  from space 5120K, 0% used [0x00000000db500000,0x00000000db500000,0x00000000dba00000)
  to   space 5120K, 0% used [0x00000000dba00000,0x00000000dba00000,0x00000000dbf00000)
 ParOldGen       total 185856K, used 185854K [0x0000000081400000, 0x000000008c980000, 0x00000000d5c00000)
  object space 185856K, 99% used [0x0000000081400000,0x000000008c97fba0,0x000000008c980000)
 Metaspace       used 10085K, capacity 10214K, committed 10240K, reserved 1058816K
  class space    used 1189K, capacity 1254K, committed 1280K, reserved 1048576K
}
Event: 5.128 GC heap before
{Heap before GC invocations=52 (full 47):
 PSYoungGen      total 96256K, used 91131K [0x00000000d5c00000, 0x00000000dd400000, 0x0000000100000000)
  eden space 91136K, 99% used [0x00000000d5c00000,0x00000000db4fefb8,0x00000000db500000)
  from space 5120K, 0% used [0x00000000db500000,0x00000000db500000,0x00000000dba00000)
  to   space 5120K, 0% used [0x00000000dba00000,0x00000000dba00000,0x00000000dbf00000)
 ParOldGen       total 185856K, used 185854K [0x0000000081400000, 0x000000008c980000, 0x00000000d5c00000)
  object space 185856K, 99% used [0x0000000081400000,0x000000008c97fba0,0x000000008c980000)
 Metaspace       used 10085K, capacity 10214K, committed 10240K, reserved 1058816K
  class space    used 1189K, capacity 1254K, committed 1280K, reserved 1048576K
Event: 5.179 GC heap after
Heap after GC invocations=52 (full 47):
 PSYoungGen      total 96256K, used 91128K [0x00000000d5c00000, 0x00000000dd400000, 0x0000000100000000)
  eden space 91136K, 99% used [0x00000000d5c00000,0x00000000db4fe1b0,0x00000000db500000)
  from space 5120K, 0% used [0x00000000db500000,0x00000000db500000,0x00000000dba00000)
  to   space 5120K, 0% used [0x00000000dba00000,0x00000000dba00000,0x00000000dbf00000)
 ParOldGen       total 185856K, used 185775K [0x0000000081400000, 0x000000008c980000, 0x00000000d5c00000)
  object space 185856K, 99% used [0x0000000081400000,0x000000008c96bee8,0x000000008c980000)
 Metaspace       used 10085K, capacity 10214K, committed 10240K, reserved 1058816K
  class space    used 1189K, capacity 1254K, committed 1280K, reserved 1048576K
}
Event: 5.179 GC heap before
{Heap before GC invocations=53 (full 48):
 PSYoungGen      total 96256K, used 91135K [0x00000000d5c00000, 0x00000000dd400000, 0x0000000100000000)
  eden space 91136K, 99% used [0x00000000d5c00000,0x00000000db4ffd28,0x00000000db500000)
  from space 5120K, 0% used [0x00000000db500000,0x00000000db500000,0x00000000dba00000)
  to   space 5120K, 0% used [0x00000000dba00000,0x00000000dba00000,0x00000000dbf00000)
 ParOldGen       total 185856K, used 185782K [0x0000000081400000, 0x000000008c980000, 0x00000000d5c00000)
  object space 185856K, 99% used [0x0000000081400000,0x000000008c96da60,0x000000008c980000)
 Metaspace       used 10085K, capacity 10214K, committed 10240K, reserved 1058816K
  class space    used 1189K, capacity 1254K, committed 1280K, reserved 1048576K
Event: 5.186 GC heap after
Heap after GC invocations=53 (full 48):
 PSYoungGen      total 96256K, used 91135K [0x00000000d5c00000, 0x00000000dd400000, 0x0000000100000000)
  eden space 91136K, 99% used [0x00000000d5c00000,0x00000000db4ffd28,0x00000000db500000)
  from space 5120K, 0% used [0x00000000db500000,0x00000000db500000,0x00000000dba00000)
  to   space 5120K, 0% used [0x00000000dba00000,0x00000000dba00000,0x00000000dbf00000)
 ParOldGen       total 185856K, used 185782K [0x0000000081400000, 0x000000008c980000, 0x00000000d5c00000)
  object space 185856K, 99% used [0x0000000081400000,0x000000008c96da60,0x000000008c980000)
 Metaspace       used 10085K, capacity 10214K, committed 10240K, reserved 1058816K
  class space    used 1189K, capacity 1254K, committed 1280K, reserved 1048576K
}
Event: 5.531 GC heap before
{Heap before GC invocations=54 (full 49):
 PSYoungGen      total 96256K, used 91136K [0x00000000d5c00000, 0x00000000dd400000, 0x0000000100000000)
  eden space 91136K, 100% used [0x00000000d5c00000,0x00000000db500000,0x00000000db500000)
  from space 5120K, 0% used [0x00000000db500000,0x00000000db500000,0x00000000dba00000)
  to   space 5120K, 0% used [0x00000000dba00000,0x00000000dba00000,0x00000000dbf00000)
 ParOldGen       total 187904K, used 187683K [0x0000000081400000, 0x000000008cb80000, 0x00000000d5c00000)
  object space 187904K, 99% used [0x0000000081400000,0x000000008cb48e80,0x000000008cb80000)
 Metaspace       used 10085K, capacity 10214K, committed 10240K, reserved 1058816K
  class space    used 1189K, capacity 1254K, committed 1280K, reserved 1048576K
Event: 5.539 GC heap after
Heap after GC invocations=54 (full 49):
 PSYoungGen      total 96256K, used 37574K [0x00000000d5c00000, 0x00000000dd400000, 0x0000000100000000)
  eden space 91136K, 41% used [0x00000000d5c00000,0x00000000d80b1808,0x00000000db500000)
  from space 5120K, 0% used [0x00000000db500000,0x00000000db500000,0x00000000dba00000)
  to   space 5120K, 0% used [0x00000000dba00000,0x00000000dba00000,0x00000000dbf00000)
 ParOldGen       total 187904K, used 173134K [0x0000000081400000, 0x000000008cb80000, 0x00000000d5c00000)
  object space 187904K, 92% used [0x0000000081400000,0x000000008bd13ab8,0x000000008cb80000)
 Metaspace       used 10085K, capacity 10214K, committed 10240K, reserved 1058816K
  class space    used 1189K, capacity 1254K, committed 1280K, reserved 1048576K
}

